{"numTotalTestSuites":27,"numPassedTestSuites":12,"numFailedTestSuites":15,"numPendingTestSuites":0,"numTotalTests":88,"numPassedTests":57,"numFailedTests":31,"numPendingTests":0,"numTodoTests":0,"snapshot":{"added":0,"failure":false,"filesAdded":0,"filesRemoved":0,"filesRemovedList":[],"filesUnmatched":0,"filesUpdated":0,"matched":0,"total":0,"unchecked":0,"uncheckedKeysByFile":[],"unmatched":0,"updated":0,"didUpdate":false},"startTime":1768059686696,"success":false,"testResults":[{"assertionResults":[{"ancestorTitles":["批量编辑面板"],"fullName":"批量编辑面板 应该在没有选中任务时显示错误提示","status":"passed","title":"应该在没有选中任务时显示错误提示","duration":10.42710000000011,"failureMessages":[],"meta":{}},{"ancestorTitles":["批量编辑面板"],"fullName":"批量编辑面板 应该打开批量编辑面板并显示选中任务数","status":"passed","title":"应该打开批量编辑面板并显示选中任务数","duration":4.6460000000001855,"failureMessages":[],"meta":{}},{"ancestorTitles":["批量编辑面板"],"fullName":"批量编辑面板 应该填充字段选择下拉框","status":"passed","title":"应该填充字段选择下拉框","duration":1.9056000000000495,"failureMessages":[],"meta":{}},{"ancestorTitles":["批量编辑面板"],"fullName":"批量编辑面板 应该关闭批量编辑面板并重置表单","status":"passed","title":"应该关闭批量编辑面板并重置表单","duration":1.4781000000000404,"failureMessages":[],"meta":{}},{"ancestorTitles":["批量编辑应用"],"fullName":"批量编辑应用 应该在未选择字段时显示错误","status":"passed","title":"应该在未选择字段时显示错误","duration":2.4626999999998134,"failureMessages":[],"meta":{}},{"ancestorTitles":["批量编辑应用"],"fullName":"批量编辑应用 应该批量更新选中任务的文本字段","status":"failed","title":"应该批量更新选中任务的文本字段","duration":6.755200000000059,"failureMessages":["AssertionError: expected \"vi.fn()\" to be called 3 times, but got 0 times\n    at C:/Users/24408/Desktop/新建文件夹/tests/unit/batch-edit.test.js:134:30\n    at file:///C:/Users/24408/Desktop/%E6%96%B0%E5%BB%BA%E6%96%87%E4%BB%B6%E5%A4%B9/node_modules/@vitest/runner/dist/index.js:145:11\n    at file:///C:/Users/24408/Desktop/%E6%96%B0%E5%BB%BA%E6%96%87%E4%BB%B6%E5%A4%B9/node_modules/@vitest/runner/dist/index.js:915:26\n    at file:///C:/Users/24408/Desktop/%E6%96%B0%E5%BB%BA%E6%96%87%E4%BB%B6%E5%A4%B9/node_modules/@vitest/runner/dist/index.js:1243:20\n    at new Promise (<anonymous>)\n    at runWithTimeout (file:///C:/Users/24408/Desktop/%E6%96%B0%E5%BB%BA%E6%96%87%E4%BB%B6%E5%A4%B9/node_modules/@vitest/runner/dist/index.js:1209:10)\n    at file:///C:/Users/24408/Desktop/%E6%96%B0%E5%BB%BA%E6%96%87%E4%BB%B6%E5%A4%B9/node_modules/@vitest/runner/dist/index.js:1653:37\n    at Traces.$ (file:///C:/Users/24408/Desktop/%E6%96%B0%E5%BB%BA%E6%96%87%E4%BB%B6%E5%A4%B9/node_modules/vitest/dist/chunks/traces.U4xDYhzZ.js:115:27)\n    at trace (file:///C:/Users/24408/Desktop/%E6%96%B0%E5%BB%BA%E6%96%87%E4%BB%B6%E5%A4%B9/node_modules/vitest/dist/chunks/test.B8ej_ZHS.js:239:21)\n    at runTest (file:///C:/Users/24408/Desktop/%E6%96%B0%E5%BB%BA%E6%96%87%E4%BB%B6%E5%A4%B9/node_modules/@vitest/runner/dist/index.js:1653:12)"],"meta":{}},{"ancestorTitles":["批量编辑应用"],"fullName":"批量编辑应用 应该批量更新选中任务的数字字段","status":"failed","title":"应该批量更新选中任务的数字字段","duration":2.8278000000000247,"failureMessages":["AssertionError: expected \"vi.fn()\" to be called with arguments: [ 1 ]\u001b[90m\n\nNumber of calls: \u001b[1m0\u001b[22m\n\u001b[39m\n    at Proxy.<anonymous> (file:///C:/Users/24408/Desktop/%E6%96%B0%E5%BB%BA%E6%96%87%E4%BB%B6%E5%A4%B9/node_modules/@vitest/expect/dist/index.js:1420:10)\n    at Proxy.<anonymous> (file:///C:/Users/24408/Desktop/%E6%96%B0%E5%BB%BA%E6%96%87%E4%BB%B6%E5%A4%B9/node_modules/@vitest/expect/dist/index.js:1090:14)\n    at Proxy.methodWrapper (file:///C:/Users/24408/Desktop/%E6%96%B0%E5%BB%BA%E6%96%87%E4%BB%B6%E5%A4%B9/node_modules/chai/index.js:1700:25)\n    at C:/Users/24408/Desktop/新建文件夹/tests/unit/batch-edit.test.js:160:30\n    at file:///C:/Users/24408/Desktop/%E6%96%B0%E5%BB%BA%E6%96%87%E4%BB%B6%E5%A4%B9/node_modules/@vitest/runner/dist/index.js:145:11\n    at file:///C:/Users/24408/Desktop/%E6%96%B0%E5%BB%BA%E6%96%87%E4%BB%B6%E5%A4%B9/node_modules/@vitest/runner/dist/index.js:915:26\n    at file:///C:/Users/24408/Desktop/%E6%96%B0%E5%BB%BA%E6%96%87%E4%BB%B6%E5%A4%B9/node_modules/@vitest/runner/dist/index.js:1243:20\n    at new Promise (<anonymous>)\n    at runWithTimeout (file:///C:/Users/24408/Desktop/%E6%96%B0%E5%BB%BA%E6%96%87%E4%BB%B6%E5%A4%B9/node_modules/@vitest/runner/dist/index.js:1209:10)\n    at file:///C:/Users/24408/Desktop/%E6%96%B0%E5%BB%BA%E6%96%87%E4%BB%B6%E5%A4%B9/node_modules/@vitest/runner/dist/index.js:1653:37"],"meta":{}},{"ancestorTitles":["批量编辑应用"],"fullName":"批量编辑应用 应该批量更新选中任务的下拉选择字段","status":"failed","title":"应该批量更新选中任务的下拉选择字段","duration":2.060899999999947,"failureMessages":["AssertionError: expected \"vi.fn()\" to be called 2 times, but got 0 times\n    at C:/Users/24408/Desktop/新建文件夹/tests/unit/batch-edit.test.js:191:30\n    at file:///C:/Users/24408/Desktop/%E6%96%B0%E5%BB%BA%E6%96%87%E4%BB%B6%E5%A4%B9/node_modules/@vitest/runner/dist/index.js:145:11\n    at file:///C:/Users/24408/Desktop/%E6%96%B0%E5%BB%BA%E6%96%87%E4%BB%B6%E5%A4%B9/node_modules/@vitest/runner/dist/index.js:915:26\n    at file:///C:/Users/24408/Desktop/%E6%96%B0%E5%BB%BA%E6%96%87%E4%BB%B6%E5%A4%B9/node_modules/@vitest/runner/dist/index.js:1243:20\n    at new Promise (<anonymous>)\n    at runWithTimeout (file:///C:/Users/24408/Desktop/%E6%96%B0%E5%BB%BA%E6%96%87%E4%BB%B6%E5%A4%B9/node_modules/@vitest/runner/dist/index.js:1209:10)\n    at file:///C:/Users/24408/Desktop/%E6%96%B0%E5%BB%BA%E6%96%87%E4%BB%B6%E5%A4%B9/node_modules/@vitest/runner/dist/index.js:1653:37\n    at Traces.$ (file:///C:/Users/24408/Desktop/%E6%96%B0%E5%BB%BA%E6%96%87%E4%BB%B6%E5%A4%B9/node_modules/vitest/dist/chunks/traces.U4xDYhzZ.js:115:27)\n    at trace (file:///C:/Users/24408/Desktop/%E6%96%B0%E5%BB%BA%E6%96%87%E4%BB%B6%E5%A4%B9/node_modules/vitest/dist/chunks/test.B8ej_ZHS.js:239:21)\n    at runTest (file:///C:/Users/24408/Desktop/%E6%96%B0%E5%BB%BA%E6%96%87%E4%BB%B6%E5%A4%B9/node_modules/@vitest/runner/dist/index.js:1653:12)"],"meta":{}},{"ancestorTitles":["批量编辑应用"],"fullName":"批量编辑应用 应该批量更新选中任务的多选字段","status":"failed","title":"应该批量更新选中任务的多选字段","duration":5.0697999999999865,"failureMessages":["AssertionError: expected \"vi.fn()\" to be called with arguments: [ 1 ]\u001b[90m\n\nNumber of calls: \u001b[1m0\u001b[22m\n\u001b[39m\n    at Proxy.<anonymous> (file:///C:/Users/24408/Desktop/%E6%96%B0%E5%BB%BA%E6%96%87%E4%BB%B6%E5%A4%B9/node_modules/@vitest/expect/dist/index.js:1420:10)\n    at Proxy.<anonymous> (file:///C:/Users/24408/Desktop/%E6%96%B0%E5%BB%BA%E6%96%87%E4%BB%B6%E5%A4%B9/node_modules/@vitest/expect/dist/index.js:1090:14)\n    at Proxy.methodWrapper (file:///C:/Users/24408/Desktop/%E6%96%B0%E5%BB%BA%E6%96%87%E4%BB%B6%E5%A4%B9/node_modules/chai/index.js:1700:25)\n    at C:/Users/24408/Desktop/新建文件夹/tests/unit/batch-edit.test.js:222:30\n    at file:///C:/Users/24408/Desktop/%E6%96%B0%E5%BB%BA%E6%96%87%E4%BB%B6%E5%A4%B9/node_modules/@vitest/runner/dist/index.js:145:11\n    at file:///C:/Users/24408/Desktop/%E6%96%B0%E5%BB%BA%E6%96%87%E4%BB%B6%E5%A4%B9/node_modules/@vitest/runner/dist/index.js:915:26\n    at file:///C:/Users/24408/Desktop/%E6%96%B0%E5%BB%BA%E6%96%87%E4%BB%B6%E5%A4%B9/node_modules/@vitest/runner/dist/index.js:1243:20\n    at new Promise (<anonymous>)\n    at runWithTimeout (file:///C:/Users/24408/Desktop/%E6%96%B0%E5%BB%BA%E6%96%87%E4%BB%B6%E5%A4%B9/node_modules/@vitest/runner/dist/index.js:1209:10)\n    at file:///C:/Users/24408/Desktop/%E6%96%B0%E5%BB%BA%E6%96%87%E4%BB%B6%E5%A4%B9/node_modules/@vitest/runner/dist/index.js:1653:37"],"meta":{}},{"ancestorTitles":["批量编辑应用"],"fullName":"批量编辑应用 应该在应用后清除选择并关闭面板","status":"failed","title":"应该在应用后清除选择并关闭面板","duration":4.081000000000131,"failureMessages":["AssertionError: expected 1 to be +0 // Object.is equality\n    at C:/Users/24408/Desktop/新建文件夹/tests/unit/batch-edit.test.js:231:38\n    at file:///C:/Users/24408/Desktop/%E6%96%B0%E5%BB%BA%E6%96%87%E4%BB%B6%E5%A4%B9/node_modules/@vitest/runner/dist/index.js:145:11\n    at file:///C:/Users/24408/Desktop/%E6%96%B0%E5%BB%BA%E6%96%87%E4%BB%B6%E5%A4%B9/node_modules/@vitest/runner/dist/index.js:915:26\n    at file:///C:/Users/24408/Desktop/%E6%96%B0%E5%BB%BA%E6%96%87%E4%BB%B6%E5%A4%B9/node_modules/@vitest/runner/dist/index.js:1243:20\n    at new Promise (<anonymous>)\n    at runWithTimeout (file:///C:/Users/24408/Desktop/%E6%96%B0%E5%BB%BA%E6%96%87%E4%BB%B6%E5%A4%B9/node_modules/@vitest/runner/dist/index.js:1209:10)\n    at file:///C:/Users/24408/Desktop/%E6%96%B0%E5%BB%BA%E6%96%87%E4%BB%B6%E5%A4%B9/node_modules/@vitest/runner/dist/index.js:1653:37\n    at Traces.$ (file:///C:/Users/24408/Desktop/%E6%96%B0%E5%BB%BA%E6%96%87%E4%BB%B6%E5%A4%B9/node_modules/vitest/dist/chunks/traces.U4xDYhzZ.js:115:27)\n    at trace (file:///C:/Users/24408/Desktop/%E6%96%B0%E5%BB%BA%E6%96%87%E4%BB%B6%E5%A4%B9/node_modules/vitest/dist/chunks/test.B8ej_ZHS.js:239:21)\n    at runTest (file:///C:/Users/24408/Desktop/%E6%96%B0%E5%BB%BA%E6%96%87%E4%BB%B6%E5%A4%B9/node_modules/@vitest/runner/dist/index.js:1653:12)"],"meta":{}},{"ancestorTitles":["批量编辑字段选择"],"fullName":"批量编辑字段选择 应该为文本字段生成正确的输入框","status":"passed","title":"应该为文本字段生成正确的输入框","duration":1.2753999999999905,"failureMessages":[],"meta":{}},{"ancestorTitles":["批量编辑字段选择"],"fullName":"批量编辑字段选择 应该为数字字段生成正确的输入框","status":"passed","title":"应该为数字字段生成正确的输入框","duration":0.5788000000000011,"failureMessages":[],"meta":{}},{"ancestorTitles":["批量编辑字段选择"],"fullName":"批量编辑字段选择 应该为下拉选择字段生成正确的选项","status":"passed","title":"应该为下拉选择字段生成正确的选项","duration":0.541300000000092,"failureMessages":[],"meta":{}},{"ancestorTitles":["批量编辑字段选择"],"fullName":"批量编辑字段选择 应该为多选字段生成正确的选项","status":"passed","title":"应该为多选字段生成正确的选项","duration":0.447400000000016,"failureMessages":[],"meta":{}}],"startTime":1768059687951,"endTime":1768059687996.4475,"status":"failed","message":"","name":"C:/Users/24408/Desktop/新建文件夹/tests/unit/batch-edit.test.js"},{"assertionResults":[{"ancestorTitles":["配置导出"],"fullName":"配置导出 应该导出配置为 JSON 文件","status":"failed","title":"应该导出配置为 JSON 文件","duration":8.320600000000013,"failureMessages":["TypeError: (content, options) => ({\r\n      content,\r\n      options\r\n    }) is not a constructor\n    at new Mock (file:///C:/Users/24408/Desktop/%E6%96%B0%E5%BB%BA%E6%96%87%E4%BB%B6%E5%A4%B9/node_modules/@vitest/spy/dist/index.js:262:27)\n    at exportConfig (C:/Users/24408/Desktop/新建文件夹/src/features/config/configIO.js:20:18)\n    at C:/Users/24408/Desktop/新建文件夹/tests/unit/config-io.test.js:42:17\n    at file:///C:/Users/24408/Desktop/%E6%96%B0%E5%BB%BA%E6%96%87%E4%BB%B6%E5%A4%B9/node_modules/@vitest/runner/dist/index.js:145:11\n    at file:///C:/Users/24408/Desktop/%E6%96%B0%E5%BB%BA%E6%96%87%E4%BB%B6%E5%A4%B9/node_modules/@vitest/runner/dist/index.js:915:26\n    at file:///C:/Users/24408/Desktop/%E6%96%B0%E5%BB%BA%E6%96%87%E4%BB%B6%E5%A4%B9/node_modules/@vitest/runner/dist/index.js:1243:20\n    at new Promise (<anonymous>)\n    at runWithTimeout (file:///C:/Users/24408/Desktop/%E6%96%B0%E5%BB%BA%E6%96%87%E4%BB%B6%E5%A4%B9/node_modules/@vitest/runner/dist/index.js:1209:10)\n    at file:///C:/Users/24408/Desktop/%E6%96%B0%E5%BB%BA%E6%96%87%E4%BB%B6%E5%A4%B9/node_modules/@vitest/runner/dist/index.js:1653:37\n    at Traces.$ (file:///C:/Users/24408/Desktop/%E6%96%B0%E5%BB%BA%E6%96%87%E4%BB%B6%E5%A4%B9/node_modules/vitest/dist/chunks/traces.U4xDYhzZ.js:115:27)"],"meta":{}},{"ancestorTitles":["配置导出"],"fullName":"配置导出 应该设置正确的文件名","status":"failed","title":"应该设置正确的文件名","duration":0.955199999999877,"failureMessages":["TypeError: (content, options) => ({\r\n      content,\r\n      options\r\n    }) is not a constructor\n    at new Mock (file:///C:/Users/24408/Desktop/%E6%96%B0%E5%BB%BA%E6%96%87%E4%BB%B6%E5%A4%B9/node_modules/@vitest/spy/dist/index.js:262:27)\n    at exportConfig (C:/Users/24408/Desktop/新建文件夹/src/features/config/configIO.js:20:18)\n    at C:/Users/24408/Desktop/新建文件夹/tests/unit/config-io.test.js:48:17\n    at file:///C:/Users/24408/Desktop/%E6%96%B0%E5%BB%BA%E6%96%87%E4%BB%B6%E5%A4%B9/node_modules/@vitest/runner/dist/index.js:145:11\n    at file:///C:/Users/24408/Desktop/%E6%96%B0%E5%BB%BA%E6%96%87%E4%BB%B6%E5%A4%B9/node_modules/@vitest/runner/dist/index.js:915:26\n    at file:///C:/Users/24408/Desktop/%E6%96%B0%E5%BB%BA%E6%96%87%E4%BB%B6%E5%A4%B9/node_modules/@vitest/runner/dist/index.js:1243:20\n    at new Promise (<anonymous>)\n    at runWithTimeout (file:///C:/Users/24408/Desktop/%E6%96%B0%E5%BB%BA%E6%96%87%E4%BB%B6%E5%A4%B9/node_modules/@vitest/runner/dist/index.js:1209:10)\n    at file:///C:/Users/24408/Desktop/%E6%96%B0%E5%BB%BA%E6%96%87%E4%BB%B6%E5%A4%B9/node_modules/@vitest/runner/dist/index.js:1653:37\n    at Traces.$ (file:///C:/Users/24408/Desktop/%E6%96%B0%E5%BB%BA%E6%96%87%E4%BB%B6%E5%A4%B9/node_modules/vitest/dist/chunks/traces.U4xDYhzZ.js:115:27)"],"meta":{}},{"ancestorTitles":["配置导出"],"fullName":"配置导出 应该包含自定义字段和字段顺序","status":"failed","title":"应该包含自定义字段和字段顺序","duration":0.7118000000000393,"failureMessages":["TypeError: (content, options) => ({\r\n      content,\r\n      options\r\n    }) is not a constructor\n    at new Mock (file:///C:/Users/24408/Desktop/%E6%96%B0%E5%BB%BA%E6%96%87%E4%BB%B6%E5%A4%B9/node_modules/@vitest/spy/dist/index.js:262:27)\n    at exportConfig (C:/Users/24408/Desktop/新建文件夹/src/features/config/configIO.js:20:18)\n    at C:/Users/24408/Desktop/新建文件夹/tests/unit/config-io.test.js:57:17\n    at file:///C:/Users/24408/Desktop/%E6%96%B0%E5%BB%BA%E6%96%87%E4%BB%B6%E5%A4%B9/node_modules/@vitest/runner/dist/index.js:145:11\n    at file:///C:/Users/24408/Desktop/%E6%96%B0%E5%BB%BA%E6%96%87%E4%BB%B6%E5%A4%B9/node_modules/@vitest/runner/dist/index.js:915:26\n    at file:///C:/Users/24408/Desktop/%E6%96%B0%E5%BB%BA%E6%96%87%E4%BB%B6%E5%A4%B9/node_modules/@vitest/runner/dist/index.js:1243:20\n    at new Promise (<anonymous>)\n    at runWithTimeout (file:///C:/Users/24408/Desktop/%E6%96%B0%E5%BB%BA%E6%96%87%E4%BB%B6%E5%A4%B9/node_modules/@vitest/runner/dist/index.js:1209:10)\n    at file:///C:/Users/24408/Desktop/%E6%96%B0%E5%BB%BA%E6%96%87%E4%BB%B6%E5%A4%B9/node_modules/@vitest/runner/dist/index.js:1653:37\n    at Traces.$ (file:///C:/Users/24408/Desktop/%E6%96%B0%E5%BB%BA%E6%96%87%E4%BB%B6%E5%A4%B9/node_modules/vitest/dist/chunks/traces.U4xDYhzZ.js:115:27)"],"meta":{}},{"ancestorTitles":["配置导出"],"fullName":"配置导出 应该自动触发下载","status":"failed","title":"应该自动触发下载","duration":0.5573000000001684,"failureMessages":["TypeError: (content, options) => ({\r\n      content,\r\n      options\r\n    }) is not a constructor\n    at new Mock (file:///C:/Users/24408/Desktop/%E6%96%B0%E5%BB%BA%E6%96%87%E4%BB%B6%E5%A4%B9/node_modules/@vitest/spy/dist/index.js:262:27)\n    at exportConfig (C:/Users/24408/Desktop/新建文件夹/src/features/config/configIO.js:20:18)\n    at C:/Users/24408/Desktop/新建文件夹/tests/unit/config-io.test.js:63:17\n    at file:///C:/Users/24408/Desktop/%E6%96%B0%E5%BB%BA%E6%96%87%E4%BB%B6%E5%A4%B9/node_modules/@vitest/runner/dist/index.js:145:11\n    at file:///C:/Users/24408/Desktop/%E6%96%B0%E5%BB%BA%E6%96%87%E4%BB%B6%E5%A4%B9/node_modules/@vitest/runner/dist/index.js:915:26\n    at file:///C:/Users/24408/Desktop/%E6%96%B0%E5%BB%BA%E6%96%87%E4%BB%B6%E5%A4%B9/node_modules/@vitest/runner/dist/index.js:1243:20\n    at new Promise (<anonymous>)\n    at runWithTimeout (file:///C:/Users/24408/Desktop/%E6%96%B0%E5%BB%BA%E6%96%87%E4%BB%B6%E5%A4%B9/node_modules/@vitest/runner/dist/index.js:1209:10)\n    at file:///C:/Users/24408/Desktop/%E6%96%B0%E5%BB%BA%E6%96%87%E4%BB%B6%E5%A4%B9/node_modules/@vitest/runner/dist/index.js:1653:37\n    at Traces.$ (file:///C:/Users/24408/Desktop/%E6%96%B0%E5%BB%BA%E6%96%87%E4%BB%B6%E5%A4%B9/node_modules/vitest/dist/chunks/traces.U4xDYhzZ.js:115:27)"],"meta":{}},{"ancestorTitles":["配置导出"],"fullName":"配置导出 应该在导出后清理 URL","status":"failed","title":"应该在导出后清理 URL","duration":0.526299999999992,"failureMessages":["TypeError: (content, options) => ({\r\n      content,\r\n      options\r\n    }) is not a constructor\n    at new Mock (file:///C:/Users/24408/Desktop/%E6%96%B0%E5%BB%BA%E6%96%87%E4%BB%B6%E5%A4%B9/node_modules/@vitest/spy/dist/index.js:262:27)\n    at exportConfig (C:/Users/24408/Desktop/新建文件夹/src/features/config/configIO.js:20:18)\n    at C:/Users/24408/Desktop/新建文件夹/tests/unit/config-io.test.js:70:17\n    at file:///C:/Users/24408/Desktop/%E6%96%B0%E5%BB%BA%E6%96%87%E4%BB%B6%E5%A4%B9/node_modules/@vitest/runner/dist/index.js:145:11\n    at file:///C:/Users/24408/Desktop/%E6%96%B0%E5%BB%BA%E6%96%87%E4%BB%B6%E5%A4%B9/node_modules/@vitest/runner/dist/index.js:915:26\n    at file:///C:/Users/24408/Desktop/%E6%96%B0%E5%BB%BA%E6%96%87%E4%BB%B6%E5%A4%B9/node_modules/@vitest/runner/dist/index.js:1243:20\n    at new Promise (<anonymous>)\n    at runWithTimeout (file:///C:/Users/24408/Desktop/%E6%96%B0%E5%BB%BA%E6%96%87%E4%BB%B6%E5%A4%B9/node_modules/@vitest/runner/dist/index.js:1209:10)\n    at file:///C:/Users/24408/Desktop/%E6%96%B0%E5%BB%BA%E6%96%87%E4%BB%B6%E5%A4%B9/node_modules/@vitest/runner/dist/index.js:1653:37\n    at Traces.$ (file:///C:/Users/24408/Desktop/%E6%96%B0%E5%BB%BA%E6%96%87%E4%BB%B6%E5%A4%B9/node_modules/vitest/dist/chunks/traces.U4xDYhzZ.js:115:27)"],"meta":{}},{"ancestorTitles":["配置导入"],"fullName":"配置导入 应该成功导入有效的配置文件","status":"passed","title":"应该成功导入有效的配置文件","duration":0.5623000000000502,"failureMessages":[],"meta":{}},{"ancestorTitles":["配置导入"],"fullName":"配置导入 应该拒绝格式不正确的配置文件","status":"passed","title":"应该拒绝格式不正确的配置文件","duration":0.28330000000005384,"failureMessages":[],"meta":{}},{"ancestorTitles":["配置导入"],"fullName":"配置导入 应该处理 JSON 解析错误","status":"passed","title":"应该处理 JSON 解析错误","duration":0.18180000000006658,"failureMessages":[],"meta":{}},{"ancestorTitles":["配置导入"],"fullName":"配置导入 应该在没有文件时不执行任何操作","status":"passed","title":"应该在没有文件时不执行任何操作","duration":1.0634999999999764,"failureMessages":[],"meta":{}},{"ancestorTitles":["配置导入导出初始化"],"fullName":"配置导入导出初始化 应该绑定导出按钮事件","status":"passed","title":"应该绑定导出按钮事件","duration":3.5395999999998367,"failureMessages":[],"meta":{}},{"ancestorTitles":["配置导入导出初始化"],"fullName":"配置导入导出初始化 应该绑定导入按钮事件","status":"passed","title":"应该绑定导入按钮事件","duration":1.107300000000123,"failureMessages":[],"meta":{}},{"ancestorTitles":["配置导入导出初始化"],"fullName":"配置导入导出初始化 应该绑定文件输入事件","status":"passed","title":"应该绑定文件输入事件","duration":1.093900000000076,"failureMessages":[],"meta":{}},{"ancestorTitles":["配置导入导出初始化"],"fullName":"配置导入导出初始化 点击导入按钮应该触发文件选择","status":"passed","title":"点击导入按钮应该触发文件选择","duration":1.568100000000186,"failureMessages":[],"meta":{}},{"ancestorTitles":["配置数据完整性"],"fullName":"配置数据完整性 导出的配置应该包含导出时间","status":"failed","title":"导出的配置应该包含导出时间","duration":1.2411999999999352,"failureMessages":["TypeError: (content) => {\r\n      exportedData = JSON.parse(content[0]);\r\n      return { content };\r\n    } is not a constructor\n    at new Mock (file:///C:/Users/24408/Desktop/%E6%96%B0%E5%BB%BA%E6%96%87%E4%BB%B6%E5%A4%B9/node_modules/@vitest/spy/dist/index.js:262:27)\n    at exportConfig (C:/Users/24408/Desktop/新建文件夹/src/features/config/configIO.js:20:18)\n    at C:/Users/24408/Desktop/新建文件夹/tests/unit/config-io.test.js:267:17\n    at file:///C:/Users/24408/Desktop/%E6%96%B0%E5%BB%BA%E6%96%87%E4%BB%B6%E5%A4%B9/node_modules/@vitest/runner/dist/index.js:145:11\n    at file:///C:/Users/24408/Desktop/%E6%96%B0%E5%BB%BA%E6%96%87%E4%BB%B6%E5%A4%B9/node_modules/@vitest/runner/dist/index.js:915:26\n    at file:///C:/Users/24408/Desktop/%E6%96%B0%E5%BB%BA%E6%96%87%E4%BB%B6%E5%A4%B9/node_modules/@vitest/runner/dist/index.js:1243:20\n    at new Promise (<anonymous>)\n    at runWithTimeout (file:///C:/Users/24408/Desktop/%E6%96%B0%E5%BB%BA%E6%96%87%E4%BB%B6%E5%A4%B9/node_modules/@vitest/runner/dist/index.js:1209:10)\n    at file:///C:/Users/24408/Desktop/%E6%96%B0%E5%BB%BA%E6%96%87%E4%BB%B6%E5%A4%B9/node_modules/@vitest/runner/dist/index.js:1653:37\n    at Traces.$ (file:///C:/Users/24408/Desktop/%E6%96%B0%E5%BB%BA%E6%96%87%E4%BB%B6%E5%A4%B9/node_modules/vitest/dist/chunks/traces.U4xDYhzZ.js:115:27)"],"meta":{}},{"ancestorTitles":["配置数据完整性"],"fullName":"配置数据完整性 导入应该保留所有字段属性","status":"passed","title":"导入应该保留所有字段属性","duration":0.4417000000000826,"failureMessages":[],"meta":{}}],"startTime":1768059688017,"endTime":1768059688039.4417,"status":"failed","message":"","name":"C:/Users/24408/Desktop/新建文件夹/tests/unit/config-io.test.js"},{"assertionResults":[{"ancestorTitles":["字段管理面板"],"fullName":"字段管理面板 应该打开字段管理面板","status":"failed","title":"应该打开字段管理面板","duration":16.037900000000036,"failureMessages":["TypeError: () => ({\r\n  destroy: __vite_ssr_import_0__.vi.fn()\r\n}) is not a constructor\n    at new Mock (file:///C:/Users/24408/Desktop/%E6%96%B0%E5%BB%BA%E6%96%87%E4%BB%B6%E5%A4%B9/node_modules/@vitest/spy/dist/index.js:262:27)\n    at renderFieldList (C:/Users/24408/Desktop/新建文件夹/src/features/customFields/manager.js:84:28)\n    at openFieldManagementPanel (C:/Users/24408/Desktop/新建文件夹/src/features/customFields/manager.js:28:5)\n    at C:/Users/24408/Desktop/新建文件夹/tests/unit/field-management.test.js:54:29\n    at file:///C:/Users/24408/Desktop/%E6%96%B0%E5%BB%BA%E6%96%87%E4%BB%B6%E5%A4%B9/node_modules/@vitest/runner/dist/index.js:145:11\n    at file:///C:/Users/24408/Desktop/%E6%96%B0%E5%BB%BA%E6%96%87%E4%BB%B6%E5%A4%B9/node_modules/@vitest/runner/dist/index.js:915:26\n    at file:///C:/Users/24408/Desktop/%E6%96%B0%E5%BB%BA%E6%96%87%E4%BB%B6%E5%A4%B9/node_modules/@vitest/runner/dist/index.js:1243:20\n    at new Promise (<anonymous>)\n    at runWithTimeout (file:///C:/Users/24408/Desktop/%E6%96%B0%E5%BB%BA%E6%96%87%E4%BB%B6%E5%A4%B9/node_modules/@vitest/runner/dist/index.js:1209:10)\n    at file:///C:/Users/24408/Desktop/%E6%96%B0%E5%BB%BA%E6%96%87%E4%BB%B6%E5%A4%B9/node_modules/@vitest/runner/dist/index.js:1653:37"],"meta":{}},{"ancestorTitles":["字段管理面板"],"fullName":"字段管理面板 应该关闭字段管理面板","status":"passed","title":"应该关闭字段管理面板","duration":3.9092000000000553,"failureMessages":[],"meta":{}},{"ancestorTitles":["字段管理面板"],"fullName":"字段管理面板 应该渲染字段列表","status":"failed","title":"应该渲染字段列表","duration":6.331300000000056,"failureMessages":["TypeError: () => ({\r\n  destroy: __vite_ssr_import_0__.vi.fn()\r\n}) is not a constructor\n    at new Mock (file:///C:/Users/24408/Desktop/%E6%96%B0%E5%BB%BA%E6%96%87%E4%BB%B6%E5%A4%B9/node_modules/@vitest/spy/dist/index.js:262:27)\n    at renderFieldList (C:/Users/24408/Desktop/新建文件夹/src/features/customFields/manager.js:84:28)\n    at C:/Users/24408/Desktop/新建文件夹/tests/unit/field-management.test.js:74:20\n    at file:///C:/Users/24408/Desktop/%E6%96%B0%E5%BB%BA%E6%96%87%E4%BB%B6%E5%A4%B9/node_modules/@vitest/runner/dist/index.js:145:11\n    at file:///C:/Users/24408/Desktop/%E6%96%B0%E5%BB%BA%E6%96%87%E4%BB%B6%E5%A4%B9/node_modules/@vitest/runner/dist/index.js:915:26\n    at file:///C:/Users/24408/Desktop/%E6%96%B0%E5%BB%BA%E6%96%87%E4%BB%B6%E5%A4%B9/node_modules/@vitest/runner/dist/index.js:1243:20\n    at new Promise (<anonymous>)\n    at runWithTimeout (file:///C:/Users/24408/Desktop/%E6%96%B0%E5%BB%BA%E6%96%87%E4%BB%B6%E5%A4%B9/node_modules/@vitest/runner/dist/index.js:1209:10)\n    at file:///C:/Users/24408/Desktop/%E6%96%B0%E5%BB%BA%E6%96%87%E4%BB%B6%E5%A4%B9/node_modules/@vitest/runner/dist/index.js:1653:37\n    at Traces.$ (file:///C:/Users/24408/Desktop/%E6%96%B0%E5%BB%BA%E6%96%87%E4%BB%B6%E5%A4%B9/node_modules/vitest/dist/chunks/traces.U4xDYhzZ.js:115:27)"],"meta":{}},{"ancestorTitles":["字段管理面板"],"fullName":"字段管理面板 应该显示必填字段标记","status":"failed","title":"应该显示必填字段标记","duration":2.2145000000000437,"failureMessages":["TypeError: () => ({\r\n  destroy: __vite_ssr_import_0__.vi.fn()\r\n}) is not a constructor\n    at new Mock (file:///C:/Users/24408/Desktop/%E6%96%B0%E5%BB%BA%E6%96%87%E4%BB%B6%E5%A4%B9/node_modules/@vitest/spy/dist/index.js:262:27)\n    at renderFieldList (C:/Users/24408/Desktop/新建文件夹/src/features/customFields/manager.js:84:28)\n    at C:/Users/24408/Desktop/新建文件夹/tests/unit/field-management.test.js:86:20\n    at file:///C:/Users/24408/Desktop/%E6%96%B0%E5%BB%BA%E6%96%87%E4%BB%B6%E5%A4%B9/node_modules/@vitest/runner/dist/index.js:145:11\n    at file:///C:/Users/24408/Desktop/%E6%96%B0%E5%BB%BA%E6%96%87%E4%BB%B6%E5%A4%B9/node_modules/@vitest/runner/dist/index.js:915:26\n    at file:///C:/Users/24408/Desktop/%E6%96%B0%E5%BB%BA%E6%96%87%E4%BB%B6%E5%A4%B9/node_modules/@vitest/runner/dist/index.js:1243:20\n    at new Promise (<anonymous>)\n    at runWithTimeout (file:///C:/Users/24408/Desktop/%E6%96%B0%E5%BB%BA%E6%96%87%E4%BB%B6%E5%A4%B9/node_modules/@vitest/runner/dist/index.js:1209:10)\n    at file:///C:/Users/24408/Desktop/%E6%96%B0%E5%BB%BA%E6%96%87%E4%BB%B6%E5%A4%B9/node_modules/@vitest/runner/dist/index.js:1653:37\n    at Traces.$ (file:///C:/Users/24408/Desktop/%E6%96%B0%E5%BB%BA%E6%96%87%E4%BB%B6%E5%A4%B9/node_modules/vitest/dist/chunks/traces.U4xDYhzZ.js:115:27)"],"meta":{}},{"ancestorTitles":["字段类型标签"],"fullName":"字段类型标签 应该返回正确的字段类型标签","status":"passed","title":"应该返回正确的字段类型标签","duration":0.6696999999999207,"failureMessages":[],"meta":{}},{"ancestorTitles":["字段类型标签"],"fullName":"字段类型标签 应该为未知类型返回原值","status":"passed","title":"应该为未知类型返回原值","duration":0.1914999999999054,"failureMessages":[],"meta":{}},{"ancestorTitles":["字段编辑"],"fullName":"字段编辑 应该加载字段进行编辑","status":"failed","title":"应该加载字段进行编辑","duration":8.434499999999844,"failureMessages":["AssertionError: expected '' to be 'select' // Object.is equality\n    at C:/Users/24408/Desktop/新建文件夹/tests/unit/field-management.test.js:144:57\n    at file:///C:/Users/24408/Desktop/%E6%96%B0%E5%BB%BA%E6%96%87%E4%BB%B6%E5%A4%B9/node_modules/@vitest/runner/dist/index.js:145:11\n    at file:///C:/Users/24408/Desktop/%E6%96%B0%E5%BB%BA%E6%96%87%E4%BB%B6%E5%A4%B9/node_modules/@vitest/runner/dist/index.js:915:26\n    at file:///C:/Users/24408/Desktop/%E6%96%B0%E5%BB%BA%E6%96%87%E4%BB%B6%E5%A4%B9/node_modules/@vitest/runner/dist/index.js:1243:20\n    at new Promise (<anonymous>)\n    at runWithTimeout (file:///C:/Users/24408/Desktop/%E6%96%B0%E5%BB%BA%E6%96%87%E4%BB%B6%E5%A4%B9/node_modules/@vitest/runner/dist/index.js:1209:10)\n    at file:///C:/Users/24408/Desktop/%E6%96%B0%E5%BB%BA%E6%96%87%E4%BB%B6%E5%A4%B9/node_modules/@vitest/runner/dist/index.js:1653:37\n    at Traces.$ (file:///C:/Users/24408/Desktop/%E6%96%B0%E5%BB%BA%E6%96%87%E4%BB%B6%E5%A4%B9/node_modules/vitest/dist/chunks/traces.U4xDYhzZ.js:115:27)\n    at trace (file:///C:/Users/24408/Desktop/%E6%96%B0%E5%BB%BA%E6%96%87%E4%BB%B6%E5%A4%B9/node_modules/vitest/dist/chunks/test.B8ej_ZHS.js:239:21)\n    at runTest (file:///C:/Users/24408/Desktop/%E6%96%B0%E5%BB%BA%E6%96%87%E4%BB%B6%E5%A4%B9/node_modules/@vitest/runner/dist/index.js:1653:12)"],"meta":{}},{"ancestorTitles":["字段编辑"],"fullName":"字段编辑 应该设置编辑模式标记","status":"passed","title":"应该设置编辑模式标记","duration":2.467399999999998,"failureMessages":[],"meta":{}},{"ancestorTitles":["字段编辑"],"fullName":"字段编辑 应该显示选项配置面板（下拉选择类型）","status":"passed","title":"应该显示选项配置面板（下拉选择类型）","duration":2.328999999999951,"failureMessages":[],"meta":{}},{"ancestorTitles":["字段删除"],"fullName":"字段删除 应该删除指定字段","status":"failed","title":"应该删除指定字段","duration":2.1701000000000477,"failureMessages":["TypeError: Cannot set properties of undefined (setting 'sections')\n    at configureLightbox (C:/Users/24408/Desktop/新建文件夹/src/features/lightbox/customization.js:177:36)\n    at refreshLightbox (C:/Users/24408/Desktop/新建文件夹/src/features/lightbox/customization.js:197:5)\n    at deleteField (C:/Users/24408/Desktop/新建文件夹/src/features/customFields/manager.js:187:20)\n    at C:/Users/24408/Desktop/新建文件夹/tests/unit/field-management.test.js:180:16\n    at file:///C:/Users/24408/Desktop/%E6%96%B0%E5%BB%BA%E6%96%87%E4%BB%B6%E5%A4%B9/node_modules/@vitest/runner/dist/index.js:145:11\n    at file:///C:/Users/24408/Desktop/%E6%96%B0%E5%BB%BA%E6%96%87%E4%BB%B6%E5%A4%B9/node_modules/@vitest/runner/dist/index.js:915:26\n    at file:///C:/Users/24408/Desktop/%E6%96%B0%E5%BB%BA%E6%96%87%E4%BB%B6%E5%A4%B9/node_modules/@vitest/runner/dist/index.js:1243:20\n    at new Promise (<anonymous>)\n    at runWithTimeout (file:///C:/Users/24408/Desktop/%E6%96%B0%E5%BB%BA%E6%96%87%E4%BB%B6%E5%A4%B9/node_modules/@vitest/runner/dist/index.js:1209:10)\n    at file:///C:/Users/24408/Desktop/%E6%96%B0%E5%BB%BA%E6%96%87%E4%BB%B6%E5%A4%B9/node_modules/@vitest/runner/dist/index.js:1653:37"],"meta":{}},{"ancestorTitles":["字段删除"],"fullName":"字段删除 应该在删除前请求确认","status":"failed","title":"应该在删除前请求确认","duration":0.5831000000000586,"failureMessages":["TypeError: Cannot set properties of undefined (setting 'sections')\n    at configureLightbox (C:/Users/24408/Desktop/新建文件夹/src/features/lightbox/customization.js:177:36)\n    at refreshLightbox (C:/Users/24408/Desktop/新建文件夹/src/features/lightbox/customization.js:197:5)\n    at deleteField (C:/Users/24408/Desktop/新建文件夹/src/features/customFields/manager.js:187:20)\n    at C:/Users/24408/Desktop/新建文件夹/tests/unit/field-management.test.js:188:16\n    at file:///C:/Users/24408/Desktop/%E6%96%B0%E5%BB%BA%E6%96%87%E4%BB%B6%E5%A4%B9/node_modules/@vitest/runner/dist/index.js:145:11\n    at file:///C:/Users/24408/Desktop/%E6%96%B0%E5%BB%BA%E6%96%87%E4%BB%B6%E5%A4%B9/node_modules/@vitest/runner/dist/index.js:915:26\n    at file:///C:/Users/24408/Desktop/%E6%96%B0%E5%BB%BA%E6%96%87%E4%BB%B6%E5%A4%B9/node_modules/@vitest/runner/dist/index.js:1243:20\n    at new Promise (<anonymous>)\n    at runWithTimeout (file:///C:/Users/24408/Desktop/%E6%96%B0%E5%BB%BA%E6%96%87%E4%BB%B6%E5%A4%B9/node_modules/@vitest/runner/dist/index.js:1209:10)\n    at file:///C:/Users/24408/Desktop/%E6%96%B0%E5%BB%BA%E6%96%87%E4%BB%B6%E5%A4%B9/node_modules/@vitest/runner/dist/index.js:1653:37"],"meta":{}},{"ancestorTitles":["字段删除"],"fullName":"字段删除 应该在用户取消时不删除字段","status":"passed","title":"应该在用户取消时不删除字段","duration":0.5820000000001073,"failureMessages":[],"meta":{}},{"ancestorTitles":["字段重排序"],"fullName":"字段重排序 应该正确重排序字段","status":"passed","title":"应该正确重排序字段","duration":0.2360999999998512,"failureMessages":[],"meta":{}},{"ancestorTitles":["字段重排序"],"fullName":"字段重排序 应该更新字段顺序数组","status":"passed","title":"应该更新字段顺序数组","duration":0.4981000000000222,"failureMessages":[],"meta":{}},{"ancestorTitles":["字段类型选择器更新"],"fullName":"字段类型选择器更新 应该更新选择器显示","status":"passed","title":"应该更新选择器显示","duration":1.621499999999969,"failureMessages":[],"meta":{}},{"ancestorTitles":["字段类型选择器更新"],"fullName":"字段类型选择器更新 应该更新下拉菜单选中状态","status":"passed","title":"应该更新下拉菜单选中状态","duration":1.9748999999999342,"failureMessages":[],"meta":{}}],"startTime":1768059687936,"endTime":1768059687986.9749,"status":"failed","message":"","name":"C:/Users/24408/Desktop/新建文件夹/tests/unit/field-management.test.js"},{"assertionResults":[{"ancestorTitles":["甘特图初始化"],"fullName":"甘特图初始化 应该正确初始化甘特图","status":"failed","title":"应该正确初始化甘特图","duration":7.9611999999999625,"failureMessages":["TypeError: Cannot set properties of undefined (setting 'custom_fields')\n    at registerCustomFieldsBlock (C:/Users/24408/Desktop/新建文件夹/src/features/lightbox/customization.js:34:40)\n    at initGantt (C:/Users/24408/Desktop/新建文件夹/src/features/gantt/init.js:234:30)\n    at C:/Users/24408/Desktop/新建文件夹/tests/unit/gantt-init.test.js:24:14\n    at file:///C:/Users/24408/Desktop/%E6%96%B0%E5%BB%BA%E6%96%87%E4%BB%B6%E5%A4%B9/node_modules/@vitest/runner/dist/index.js:145:11\n    at file:///C:/Users/24408/Desktop/%E6%96%B0%E5%BB%BA%E6%96%87%E4%BB%B6%E5%A4%B9/node_modules/@vitest/runner/dist/index.js:915:26\n    at file:///C:/Users/24408/Desktop/%E6%96%B0%E5%BB%BA%E6%96%87%E4%BB%B6%E5%A4%B9/node_modules/@vitest/runner/dist/index.js:1243:20\n    at new Promise (<anonymous>)\n    at runWithTimeout (file:///C:/Users/24408/Desktop/%E6%96%B0%E5%BB%BA%E6%96%87%E4%BB%B6%E5%A4%B9/node_modules/@vitest/runner/dist/index.js:1209:10)\n    at file:///C:/Users/24408/Desktop/%E6%96%B0%E5%BB%BA%E6%96%87%E4%BB%B6%E5%A4%B9/node_modules/@vitest/runner/dist/index.js:1653:37\n    at Traces.$ (file:///C:/Users/24408/Desktop/%E6%96%B0%E5%BB%BA%E6%96%87%E4%BB%B6%E5%A4%B9/node_modules/vitest/dist/chunks/traces.U4xDYhzZ.js:115:27)"],"meta":{}},{"ancestorTitles":["甘特图初始化"],"fullName":"甘特图初始化 应该配置正确的时间刻度","status":"failed","title":"应该配置正确的时间刻度","duration":1.8841999999999643,"failureMessages":["TypeError: Cannot set properties of undefined (setting 'custom_fields')\n    at registerCustomFieldsBlock (C:/Users/24408/Desktop/新建文件夹/src/features/lightbox/customization.js:34:40)\n    at initGantt (C:/Users/24408/Desktop/新建文件夹/src/features/gantt/init.js:234:30)\n    at C:/Users/24408/Desktop/新建文件夹/tests/unit/gantt-init.test.js:39:14\n    at file:///C:/Users/24408/Desktop/%E6%96%B0%E5%BB%BA%E6%96%87%E4%BB%B6%E5%A4%B9/node_modules/@vitest/runner/dist/index.js:145:11\n    at file:///C:/Users/24408/Desktop/%E6%96%B0%E5%BB%BA%E6%96%87%E4%BB%B6%E5%A4%B9/node_modules/@vitest/runner/dist/index.js:915:26\n    at file:///C:/Users/24408/Desktop/%E6%96%B0%E5%BB%BA%E6%96%87%E4%BB%B6%E5%A4%B9/node_modules/@vitest/runner/dist/index.js:1243:20\n    at new Promise (<anonymous>)\n    at runWithTimeout (file:///C:/Users/24408/Desktop/%E6%96%B0%E5%BB%BA%E6%96%87%E4%BB%B6%E5%A4%B9/node_modules/@vitest/runner/dist/index.js:1209:10)\n    at file:///C:/Users/24408/Desktop/%E6%96%B0%E5%BB%BA%E6%96%87%E4%BB%B6%E5%A4%B9/node_modules/@vitest/runner/dist/index.js:1653:37\n    at Traces.$ (file:///C:/Users/24408/Desktop/%E6%96%B0%E5%BB%BA%E6%96%87%E4%BB%B6%E5%A4%B9/node_modules/vitest/dist/chunks/traces.U4xDYhzZ.js:115:27)"],"meta":{}},{"ancestorTitles":["甘特图初始化"],"fullName":"甘特图初始化 应该设置正确的行高和刻度高度","status":"failed","title":"应该设置正确的行高和刻度高度","duration":5.171600000000126,"failureMessages":["TypeError: Cannot set properties of undefined (setting 'custom_fields')\n    at registerCustomFieldsBlock (C:/Users/24408/Desktop/新建文件夹/src/features/lightbox/customization.js:34:40)\n    at initGantt (C:/Users/24408/Desktop/新建文件夹/src/features/gantt/init.js:234:30)\n    at C:/Users/24408/Desktop/新建文件夹/tests/unit/gantt-init.test.js:47:14\n    at file:///C:/Users/24408/Desktop/%E6%96%B0%E5%BB%BA%E6%96%87%E4%BB%B6%E5%A4%B9/node_modules/@vitest/runner/dist/index.js:145:11\n    at file:///C:/Users/24408/Desktop/%E6%96%B0%E5%BB%BA%E6%96%87%E4%BB%B6%E5%A4%B9/node_modules/@vitest/runner/dist/index.js:915:26\n    at file:///C:/Users/24408/Desktop/%E6%96%B0%E5%BB%BA%E6%96%87%E4%BB%B6%E5%A4%B9/node_modules/@vitest/runner/dist/index.js:1243:20\n    at new Promise (<anonymous>)\n    at runWithTimeout (file:///C:/Users/24408/Desktop/%E6%96%B0%E5%BB%BA%E6%96%87%E4%BB%B6%E5%A4%B9/node_modules/@vitest/runner/dist/index.js:1209:10)\n    at file:///C:/Users/24408/Desktop/%E6%96%B0%E5%BB%BA%E6%96%87%E4%BB%B6%E5%A4%B9/node_modules/@vitest/runner/dist/index.js:1653:37\n    at Traces.$ (file:///C:/Users/24408/Desktop/%E6%96%B0%E5%BB%BA%E6%96%87%E4%BB%B6%E5%A4%B9/node_modules/vitest/dist/chunks/traces.U4xDYhzZ.js:115:27)"],"meta":{}},{"ancestorTitles":["甘特图初始化"],"fullName":"甘特图初始化 应该从 localStorage 恢复网格宽度","status":"failed","title":"应该从 localStorage 恢复网格宽度","duration":1.1721999999999753,"failureMessages":["TypeError: Cannot set properties of undefined (setting 'custom_fields')\n    at registerCustomFieldsBlock (C:/Users/24408/Desktop/新建文件夹/src/features/lightbox/customization.js:34:40)\n    at initGantt (C:/Users/24408/Desktop/新建文件夹/src/features/gantt/init.js:234:30)\n    at C:/Users/24408/Desktop/新建文件夹/tests/unit/gantt-init.test.js:57:14\n    at file:///C:/Users/24408/Desktop/%E6%96%B0%E5%BB%BA%E6%96%87%E4%BB%B6%E5%A4%B9/node_modules/@vitest/runner/dist/index.js:145:11\n    at file:///C:/Users/24408/Desktop/%E6%96%B0%E5%BB%BA%E6%96%87%E4%BB%B6%E5%A4%B9/node_modules/@vitest/runner/dist/index.js:915:26\n    at file:///C:/Users/24408/Desktop/%E6%96%B0%E5%BB%BA%E6%96%87%E4%BB%B6%E5%A4%B9/node_modules/@vitest/runner/dist/index.js:1243:20\n    at new Promise (<anonymous>)\n    at runWithTimeout (file:///C:/Users/24408/Desktop/%E6%96%B0%E5%BB%BA%E6%96%87%E4%BB%B6%E5%A4%B9/node_modules/@vitest/runner/dist/index.js:1209:10)\n    at file:///C:/Users/24408/Desktop/%E6%96%B0%E5%BB%BA%E6%96%87%E4%BB%B6%E5%A4%B9/node_modules/@vitest/runner/dist/index.js:1653:37\n    at Traces.$ (file:///C:/Users/24408/Desktop/%E6%96%B0%E5%BB%BA%E6%96%87%E4%BB%B6%E5%A4%B9/node_modules/vitest/dist/chunks/traces.U4xDYhzZ.js:115:27)"],"meta":{}},{"ancestorTitles":["甘特图初始化"],"fullName":"甘特图初始化 应该设置默认网格宽度为 400","status":"failed","title":"应该设置默认网格宽度为 400","duration":0.6965999999999894,"failureMessages":["TypeError: Cannot set properties of undefined (setting 'custom_fields')\n    at registerCustomFieldsBlock (C:/Users/24408/Desktop/新建文件夹/src/features/lightbox/customization.js:34:40)\n    at initGantt (C:/Users/24408/Desktop/新建文件夹/src/features/gantt/init.js:234:30)\n    at C:/Users/24408/Desktop/新建文件夹/tests/unit/gantt-init.test.js:66:14\n    at file:///C:/Users/24408/Desktop/%E6%96%B0%E5%BB%BA%E6%96%87%E4%BB%B6%E5%A4%B9/node_modules/@vitest/runner/dist/index.js:145:11\n    at file:///C:/Users/24408/Desktop/%E6%96%B0%E5%BB%BA%E6%96%87%E4%BB%B6%E5%A4%B9/node_modules/@vitest/runner/dist/index.js:915:26\n    at file:///C:/Users/24408/Desktop/%E6%96%B0%E5%BB%BA%E6%96%87%E4%BB%B6%E5%A4%B9/node_modules/@vitest/runner/dist/index.js:1243:20\n    at new Promise (<anonymous>)\n    at runWithTimeout (file:///C:/Users/24408/Desktop/%E6%96%B0%E5%BB%BA%E6%96%87%E4%BB%B6%E5%A4%B9/node_modules/@vitest/runner/dist/index.js:1209:10)\n    at file:///C:/Users/24408/Desktop/%E6%96%B0%E5%BB%BA%E6%96%87%E4%BB%B6%E5%A4%B9/node_modules/@vitest/runner/dist/index.js:1653:37\n    at Traces.$ (file:///C:/Users/24408/Desktop/%E6%96%B0%E5%BB%BA%E6%96%87%E4%BB%B6%E5%A4%B9/node_modules/vitest/dist/chunks/traces.U4xDYhzZ.js:115:27)"],"meta":{}},{"ancestorTitles":["甘特图初始化"],"fullName":"甘特图初始化 应该注册任务点击事件处理器","status":"failed","title":"应该注册任务点击事件处理器","duration":0.5644000000002052,"failureMessages":["TypeError: Cannot set properties of undefined (setting 'custom_fields')\n    at registerCustomFieldsBlock (C:/Users/24408/Desktop/新建文件夹/src/features/lightbox/customization.js:34:40)\n    at initGantt (C:/Users/24408/Desktop/新建文件夹/src/features/gantt/init.js:234:30)\n    at C:/Users/24408/Desktop/新建文件夹/tests/unit/gantt-init.test.js:72:14\n    at file:///C:/Users/24408/Desktop/%E6%96%B0%E5%BB%BA%E6%96%87%E4%BB%B6%E5%A4%B9/node_modules/@vitest/runner/dist/index.js:145:11\n    at file:///C:/Users/24408/Desktop/%E6%96%B0%E5%BB%BA%E6%96%87%E4%BB%B6%E5%A4%B9/node_modules/@vitest/runner/dist/index.js:915:26\n    at file:///C:/Users/24408/Desktop/%E6%96%B0%E5%BB%BA%E6%96%87%E4%BB%B6%E5%A4%B9/node_modules/@vitest/runner/dist/index.js:1243:20\n    at new Promise (<anonymous>)\n    at runWithTimeout (file:///C:/Users/24408/Desktop/%E6%96%B0%E5%BB%BA%E6%96%87%E4%BB%B6%E5%A4%B9/node_modules/@vitest/runner/dist/index.js:1209:10)\n    at file:///C:/Users/24408/Desktop/%E6%96%B0%E5%BB%BA%E6%96%87%E4%BB%B6%E5%A4%B9/node_modules/@vitest/runner/dist/index.js:1653:37\n    at Traces.$ (file:///C:/Users/24408/Desktop/%E6%96%B0%E5%BB%BA%E6%96%87%E4%BB%B6%E5%A4%B9/node_modules/vitest/dist/chunks/traces.U4xDYhzZ.js:115:27)"],"meta":{}},{"ancestorTitles":["甘特图初始化"],"fullName":"甘特图初始化 应该注册 Lightbox 保存事件处理器","status":"failed","title":"应该注册 Lightbox 保存事件处理器","duration":0.42630000000008295,"failureMessages":["TypeError: Cannot set properties of undefined (setting 'custom_fields')\n    at registerCustomFieldsBlock (C:/Users/24408/Desktop/新建文件夹/src/features/lightbox/customization.js:34:40)\n    at initGantt (C:/Users/24408/Desktop/新建文件夹/src/features/gantt/init.js:234:30)\n    at C:/Users/24408/Desktop/新建文件夹/tests/unit/gantt-init.test.js:81:14\n    at file:///C:/Users/24408/Desktop/%E6%96%B0%E5%BB%BA%E6%96%87%E4%BB%B6%E5%A4%B9/node_modules/@vitest/runner/dist/index.js:145:11\n    at file:///C:/Users/24408/Desktop/%E6%96%B0%E5%BB%BA%E6%96%87%E4%BB%B6%E5%A4%B9/node_modules/@vitest/runner/dist/index.js:915:26\n    at file:///C:/Users/24408/Desktop/%E6%96%B0%E5%BB%BA%E6%96%87%E4%BB%B6%E5%A4%B9/node_modules/@vitest/runner/dist/index.js:1243:20\n    at new Promise (<anonymous>)\n    at runWithTimeout (file:///C:/Users/24408/Desktop/%E6%96%B0%E5%BB%BA%E6%96%87%E4%BB%B6%E5%A4%B9/node_modules/@vitest/runner/dist/index.js:1209:10)\n    at file:///C:/Users/24408/Desktop/%E6%96%B0%E5%BB%BA%E6%96%87%E4%BB%B6%E5%A4%B9/node_modules/@vitest/runner/dist/index.js:1653:37\n    at Traces.$ (file:///C:/Users/24408/Desktop/%E6%96%B0%E5%BB%BA%E6%96%87%E4%BB%B6%E5%A4%B9/node_modules/vitest/dist/chunks/traces.U4xDYhzZ.js:115:27)"],"meta":{}},{"ancestorTitles":["甘特图初始化"],"fullName":"甘特图初始化 应该配置任务样式模板","status":"failed","title":"应该配置任务样式模板","duration":0.3690999999998894,"failureMessages":["TypeError: Cannot set properties of undefined (setting 'custom_fields')\n    at registerCustomFieldsBlock (C:/Users/24408/Desktop/新建文件夹/src/features/lightbox/customization.js:34:40)\n    at initGantt (C:/Users/24408/Desktop/新建文件夹/src/features/gantt/init.js:234:30)\n    at C:/Users/24408/Desktop/新建文件夹/tests/unit/gantt-init.test.js:90:14\n    at file:///C:/Users/24408/Desktop/%E6%96%B0%E5%BB%BA%E6%96%87%E4%BB%B6%E5%A4%B9/node_modules/@vitest/runner/dist/index.js:145:11\n    at file:///C:/Users/24408/Desktop/%E6%96%B0%E5%BB%BA%E6%96%87%E4%BB%B6%E5%A4%B9/node_modules/@vitest/runner/dist/index.js:915:26\n    at file:///C:/Users/24408/Desktop/%E6%96%B0%E5%BB%BA%E6%96%87%E4%BB%B6%E5%A4%B9/node_modules/@vitest/runner/dist/index.js:1243:20\n    at new Promise (<anonymous>)\n    at runWithTimeout (file:///C:/Users/24408/Desktop/%E6%96%B0%E5%BB%BA%E6%96%87%E4%BB%B6%E5%A4%B9/node_modules/@vitest/runner/dist/index.js:1209:10)\n    at file:///C:/Users/24408/Desktop/%E6%96%B0%E5%BB%BA%E6%96%87%E4%BB%B6%E5%A4%B9/node_modules/@vitest/runner/dist/index.js:1653:37\n    at Traces.$ (file:///C:/Users/24408/Desktop/%E6%96%B0%E5%BB%BA%E6%96%87%E4%BB%B6%E5%A4%B9/node_modules/vitest/dist/chunks/traces.U4xDYhzZ.js:115:27)"],"meta":{}},{"ancestorTitles":["全局事件设置"],"fullName":"全局事件设置 应该设置 Ctrl 键监听","status":"passed","title":"应该设置 Ctrl 键监听","duration":2.56230000000005,"failureMessages":[],"meta":{}},{"ancestorTitles":["全局事件设置"],"fullName":"全局事件设置 应该设置复选框事件委托","status":"passed","title":"应该设置复选框事件委托","duration":0.5421000000001186,"failureMessages":[],"meta":{}},{"ancestorTitles":["全局事件设置"],"fullName":"全局事件设置 应该设置全选复选框事件","status":"passed","title":"应该设置全选复选框事件","duration":0.3405999999999949,"failureMessages":[],"meta":{}},{"ancestorTitles":["任务样式渲染"],"fullName":"任务样式渲染 应该为逾期未完成任务添加 overdue 样式","status":"failed","title":"应该为逾期未完成任务添加 overdue 样式","duration":0.43479999999999563,"failureMessages":["TypeError: Cannot set properties of undefined (setting 'custom_fields')\n    at registerCustomFieldsBlock (C:/Users/24408/Desktop/新建文件夹/src/features/lightbox/customization.js:34:40)\n    at initGantt (C:/Users/24408/Desktop/新建文件夹/src/features/gantt/init.js:234:30)\n    at C:/Users/24408/Desktop/新建文件夹/tests/unit/gantt-init.test.js:137:14\n    at file:///C:/Users/24408/Desktop/%E6%96%B0%E5%BB%BA%E6%96%87%E4%BB%B6%E5%A4%B9/node_modules/@vitest/runner/dist/index.js:145:11\n    at file:///C:/Users/24408/Desktop/%E6%96%B0%E5%BB%BA%E6%96%87%E4%BB%B6%E5%A4%B9/node_modules/@vitest/runner/dist/index.js:1243:20\n    at new Promise (<anonymous>)\n    at runWithTimeout (file:///C:/Users/24408/Desktop/%E6%96%B0%E5%BB%BA%E6%96%87%E4%BB%B6%E5%A4%B9/node_modules/@vitest/runner/dist/index.js:1209:10)\n    at runHook (file:///C:/Users/24408/Desktop/%E6%96%B0%E5%BB%BA%E6%96%87%E4%BB%B6%E5%A4%B9/node_modules/@vitest/runner/dist/index.js:1514:51)\n    at callSuiteHook (file:///C:/Users/24408/Desktop/%E6%96%B0%E5%BB%BA%E6%96%87%E4%BB%B6%E5%A4%B9/node_modules/@vitest/runner/dist/index.js:1520:25)\n    at processTicksAndRejections (node:internal/process/task_queues:105:5)"],"meta":{}},{"ancestorTitles":["任务样式渲染"],"fullName":"任务样式渲染 应该为已完成任务添加 completed 样式","status":"failed","title":"应该为已完成任务添加 completed 样式","duration":0.4773999999999887,"failureMessages":["TypeError: Cannot set properties of undefined (setting 'custom_fields')\n    at registerCustomFieldsBlock (C:/Users/24408/Desktop/新建文件夹/src/features/lightbox/customization.js:34:40)\n    at initGantt (C:/Users/24408/Desktop/新建文件夹/src/features/gantt/init.js:234:30)\n    at C:/Users/24408/Desktop/新建文件夹/tests/unit/gantt-init.test.js:137:14\n    at file:///C:/Users/24408/Desktop/%E6%96%B0%E5%BB%BA%E6%96%87%E4%BB%B6%E5%A4%B9/node_modules/@vitest/runner/dist/index.js:145:11\n    at file:///C:/Users/24408/Desktop/%E6%96%B0%E5%BB%BA%E6%96%87%E4%BB%B6%E5%A4%B9/node_modules/@vitest/runner/dist/index.js:1243:20\n    at new Promise (<anonymous>)\n    at runWithTimeout (file:///C:/Users/24408/Desktop/%E6%96%B0%E5%BB%BA%E6%96%87%E4%BB%B6%E5%A4%B9/node_modules/@vitest/runner/dist/index.js:1209:10)\n    at runHook (file:///C:/Users/24408/Desktop/%E6%96%B0%E5%BB%BA%E6%96%87%E4%BB%B6%E5%A4%B9/node_modules/@vitest/runner/dist/index.js:1514:51)\n    at callSuiteHook (file:///C:/Users/24408/Desktop/%E6%96%B0%E5%BB%BA%E6%96%87%E4%BB%B6%E5%A4%B9/node_modules/@vitest/runner/dist/index.js:1520:25)\n    at processTicksAndRejections (node:internal/process/task_queues:105:5)"],"meta":{}},{"ancestorTitles":["任务样式渲染"],"fullName":"任务样式渲染 应该为进行中任务不添加特殊样式","status":"failed","title":"应该为进行中任务不添加特殊样式","duration":0.4290000000000873,"failureMessages":["TypeError: Cannot set properties of undefined (setting 'custom_fields')\n    at registerCustomFieldsBlock (C:/Users/24408/Desktop/新建文件夹/src/features/lightbox/customization.js:34:40)\n    at initGantt (C:/Users/24408/Desktop/新建文件夹/src/features/gantt/init.js:234:30)\n    at C:/Users/24408/Desktop/新建文件夹/tests/unit/gantt-init.test.js:137:14\n    at file:///C:/Users/24408/Desktop/%E6%96%B0%E5%BB%BA%E6%96%87%E4%BB%B6%E5%A4%B9/node_modules/@vitest/runner/dist/index.js:145:11\n    at file:///C:/Users/24408/Desktop/%E6%96%B0%E5%BB%BA%E6%96%87%E4%BB%B6%E5%A4%B9/node_modules/@vitest/runner/dist/index.js:1243:20\n    at new Promise (<anonymous>)\n    at runWithTimeout (file:///C:/Users/24408/Desktop/%E6%96%B0%E5%BB%BA%E6%96%87%E4%BB%B6%E5%A4%B9/node_modules/@vitest/runner/dist/index.js:1209:10)\n    at runHook (file:///C:/Users/24408/Desktop/%E6%96%B0%E5%BB%BA%E6%96%87%E4%BB%B6%E5%A4%B9/node_modules/@vitest/runner/dist/index.js:1514:51)\n    at callSuiteHook (file:///C:/Users/24408/Desktop/%E6%96%B0%E5%BB%BA%E6%96%87%E4%BB%B6%E5%A4%B9/node_modules/@vitest/runner/dist/index.js:1520:25)\n    at processTicksAndRejections (node:internal/process/task_queues:105:5)"],"meta":{}}],"startTime":1768059688032,"endTime":1768059688055.4773,"status":"failed","message":"","name":"C:/Users/24408/Desktop/新建文件夹/tests/unit/gantt-init.test.js"},{"assertionResults":[{"ancestorTitles":["缩放功能初始化"],"fullName":"缩放功能初始化 应该正确初始化缩放功能","status":"passed","title":"应该正确初始化缩放功能","duration":10.11239999999998,"failureMessages":[],"meta":{}},{"ancestorTitles":["缩放功能初始化"],"fullName":"缩放功能初始化 应该绑定缩放按钮事件","status":"passed","title":"应该绑定缩放按钮事件","duration":4.726400000000012,"failureMessages":[],"meta":{}},{"ancestorTitles":["缩放功能初始化"],"fullName":"缩放功能初始化 应该绑定视图选择器事件","status":"passed","title":"应该绑定视图选择器事件","duration":2.3508999999999105,"failureMessages":[],"meta":{}},{"ancestorTitles":["缩放功能初始化"],"fullName":"缩放功能初始化 应该更新初始 UI 状态","status":"passed","title":"应该更新初始 UI 状态","duration":1.6095000000000255,"failureMessages":[],"meta":{}},{"ancestorTitles":["缩放级别设置"],"fullName":"缩放级别设置 应该正确设置日视图","status":"passed","title":"应该正确设置日视图","duration":2.2497000000000753,"failureMessages":[],"meta":{}},{"ancestorTitles":["缩放级别设置"],"fullName":"缩放级别设置 应该正确设置周视图","status":"passed","title":"应该正确设置周视图","duration":3.4119000000000597,"failureMessages":[],"meta":{}},{"ancestorTitles":["缩放级别设置"],"fullName":"缩放级别设置 应该正确设置月视图","status":"passed","title":"应该正确设置月视图","duration":1.3596999999999753,"failureMessages":[],"meta":{}},{"ancestorTitles":["缩放级别设置"],"fullName":"缩放级别设置 应该正确设置季度视图","status":"passed","title":"应该正确设置季度视图","duration":1.3275999999998476,"failureMessages":[],"meta":{}},{"ancestorTitles":["缩放级别设置"],"fullName":"缩放级别设置 应该正确设置年视图","status":"passed","title":"应该正确设置年视图","duration":1.817199999999957,"failureMessages":[],"meta":{}},{"ancestorTitles":["缩放级别设置"],"fullName":"缩放级别设置 应该忽略无效的缩放级别","status":"passed","title":"应该忽略无效的缩放级别","duration":1.4197999999998956,"failureMessages":[],"meta":{}},{"ancestorTitles":["缩放级别设置"],"fullName":"缩放级别设置 应该更新 UI 元素","status":"failed","title":"应该更新 UI 元素","duration":16.337299999999914,"failureMessages":["AssertionError: expected '' to be 'month' // Object.is equality\n    at C:/Users/24408/Desktop/新建文件夹/tests/unit/zoom.test.js:160:32\n    at file:///C:/Users/24408/Desktop/%E6%96%B0%E5%BB%BA%E6%96%87%E4%BB%B6%E5%A4%B9/node_modules/@vitest/runner/dist/index.js:145:11\n    at file:///C:/Users/24408/Desktop/%E6%96%B0%E5%BB%BA%E6%96%87%E4%BB%B6%E5%A4%B9/node_modules/@vitest/runner/dist/index.js:915:26\n    at file:///C:/Users/24408/Desktop/%E6%96%B0%E5%BB%BA%E6%96%87%E4%BB%B6%E5%A4%B9/node_modules/@vitest/runner/dist/index.js:1243:20\n    at new Promise (<anonymous>)\n    at runWithTimeout (file:///C:/Users/24408/Desktop/%E6%96%B0%E5%BB%BA%E6%96%87%E4%BB%B6%E5%A4%B9/node_modules/@vitest/runner/dist/index.js:1209:10)\n    at file:///C:/Users/24408/Desktop/%E6%96%B0%E5%BB%BA%E6%96%87%E4%BB%B6%E5%A4%B9/node_modules/@vitest/runner/dist/index.js:1653:37\n    at Traces.$ (file:///C:/Users/24408/Desktop/%E6%96%B0%E5%BB%BA%E6%96%87%E4%BB%B6%E5%A4%B9/node_modules/vitest/dist/chunks/traces.U4xDYhzZ.js:115:27)\n    at trace (file:///C:/Users/24408/Desktop/%E6%96%B0%E5%BB%BA%E6%96%87%E4%BB%B6%E5%A4%B9/node_modules/vitest/dist/chunks/test.B8ej_ZHS.js:239:21)\n    at runTest (file:///C:/Users/24408/Desktop/%E6%96%B0%E5%BB%BA%E6%96%87%E4%BB%B6%E5%A4%B9/node_modules/@vitest/runner/dist/index.js:1653:12)"],"meta":{}},{"ancestorTitles":["放大缩小操作"],"fullName":"放大缩小操作 应该放大到日视图","status":"passed","title":"应该放大到日视图","duration":1.8404999999997926,"failureMessages":[],"meta":{}},{"ancestorTitles":["放大缩小操作"],"fullName":"放大缩小操作 应该缩小到月视图","status":"passed","title":"应该缩小到月视图","duration":1.3381000000001677,"failureMessages":[],"meta":{}},{"ancestorTitles":["放大缩小操作"],"fullName":"放大缩小操作 应该在最大放大级别时无法继续放大","status":"passed","title":"应该在最大放大级别时无法继续放大","duration":0.9960000000000946,"failureMessages":[],"meta":{}},{"ancestorTitles":["放大缩小操作"],"fullName":"放大缩小操作 应该在最小缩小级别时无法继续缩小","status":"passed","title":"应该在最小缩小级别时无法继续缩小","duration":0.9758999999999105,"failureMessages":[],"meta":{}},{"ancestorTitles":["放大缩小操作"],"fullName":"放大缩小操作 应该禁用最大放大级别的放大按钮","status":"passed","title":"应该禁用最大放大级别的放大按钮","duration":2.09030000000007,"failureMessages":[],"meta":{}},{"ancestorTitles":["放大缩小操作"],"fullName":"放大缩小操作 应该禁用最小缩小级别的缩小按钮","status":"passed","title":"应该禁用最小缩小级别的缩小按钮","duration":1.1213000000000193,"failureMessages":[],"meta":{}},{"ancestorTitles":["缩放级别信息"],"fullName":"缩放级别信息 应该返回当前缩放级别","status":"failed","title":"应该返回当前缩放级别","duration":2.911100000000033,"failureMessages":["AssertionError: expected 'year' to be 'week' // Object.is equality\n    at C:/Users/24408/Desktop/新建文件夹/tests/unit/zoom.test.js:243:31\n    at file:///C:/Users/24408/Desktop/%E6%96%B0%E5%BB%BA%E6%96%87%E4%BB%B6%E5%A4%B9/node_modules/@vitest/runner/dist/index.js:145:11\n    at file:///C:/Users/24408/Desktop/%E6%96%B0%E5%BB%BA%E6%96%87%E4%BB%B6%E5%A4%B9/node_modules/@vitest/runner/dist/index.js:915:26\n    at file:///C:/Users/24408/Desktop/%E6%96%B0%E5%BB%BA%E6%96%87%E4%BB%B6%E5%A4%B9/node_modules/@vitest/runner/dist/index.js:1243:20\n    at new Promise (<anonymous>)\n    at runWithTimeout (file:///C:/Users/24408/Desktop/%E6%96%B0%E5%BB%BA%E6%96%87%E4%BB%B6%E5%A4%B9/node_modules/@vitest/runner/dist/index.js:1209:10)\n    at file:///C:/Users/24408/Desktop/%E6%96%B0%E5%BB%BA%E6%96%87%E4%BB%B6%E5%A4%B9/node_modules/@vitest/runner/dist/index.js:1653:37\n    at Traces.$ (file:///C:/Users/24408/Desktop/%E6%96%B0%E5%BB%BA%E6%96%87%E4%BB%B6%E5%A4%B9/node_modules/vitest/dist/chunks/traces.U4xDYhzZ.js:115:27)\n    at trace (file:///C:/Users/24408/Desktop/%E6%96%B0%E5%BB%BA%E6%96%87%E4%BB%B6%E5%A4%B9/node_modules/vitest/dist/chunks/test.B8ej_ZHS.js:239:21)\n    at runTest (file:///C:/Users/24408/Desktop/%E6%96%B0%E5%BB%BA%E6%96%87%E4%BB%B6%E5%A4%B9/node_modules/@vitest/runner/dist/index.js:1653:12)"],"meta":{}},{"ancestorTitles":["缩放级别信息"],"fullName":"缩放级别信息 应该返回当前缩放级别名称","status":"failed","title":"应该返回当前缩放级别名称","duration":1.4663000000000466,"failureMessages":["AssertionError: expected '年视图' to be '周视图' // Object.is equality\n    at C:/Users/24408/Desktop/新建文件夹/tests/unit/zoom.test.js:247:35\n    at file:///C:/Users/24408/Desktop/%E6%96%B0%E5%BB%BA%E6%96%87%E4%BB%B6%E5%A4%B9/node_modules/@vitest/runner/dist/index.js:145:11\n    at file:///C:/Users/24408/Desktop/%E6%96%B0%E5%BB%BA%E6%96%87%E4%BB%B6%E5%A4%B9/node_modules/@vitest/runner/dist/index.js:915:26\n    at file:///C:/Users/24408/Desktop/%E6%96%B0%E5%BB%BA%E6%96%87%E4%BB%B6%E5%A4%B9/node_modules/@vitest/runner/dist/index.js:1243:20\n    at new Promise (<anonymous>)\n    at runWithTimeout (file:///C:/Users/24408/Desktop/%E6%96%B0%E5%BB%BA%E6%96%87%E4%BB%B6%E5%A4%B9/node_modules/@vitest/runner/dist/index.js:1209:10)\n    at file:///C:/Users/24408/Desktop/%E6%96%B0%E5%BB%BA%E6%96%87%E4%BB%B6%E5%A4%B9/node_modules/@vitest/runner/dist/index.js:1653:37\n    at Traces.$ (file:///C:/Users/24408/Desktop/%E6%96%B0%E5%BB%BA%E6%96%87%E4%BB%B6%E5%A4%B9/node_modules/vitest/dist/chunks/traces.U4xDYhzZ.js:115:27)\n    at trace (file:///C:/Users/24408/Desktop/%E6%96%B0%E5%BB%BA%E6%96%87%E4%BB%B6%E5%A4%B9/node_modules/vitest/dist/chunks/test.B8ej_ZHS.js:239:21)\n    at runTest (file:///C:/Users/24408/Desktop/%E6%96%B0%E5%BB%BA%E6%96%87%E4%BB%B6%E5%A4%B9/node_modules/@vitest/runner/dist/index.js:1653:12)"],"meta":{}},{"ancestorTitles":["缩放级别信息"],"fullName":"缩放级别信息 应该返回所有可用的缩放级别","status":"passed","title":"应该返回所有可用的缩放级别","duration":1.865400000000136,"failureMessages":[],"meta":{}},{"ancestorTitles":["缩放刻度配置"],"fullName":"缩放刻度配置 应该为日视图配置正确的刻度","status":"passed","title":"应该为日视图配置正确的刻度","duration":0.9811999999999443,"failureMessages":[],"meta":{}},{"ancestorTitles":["缩放刻度配置"],"fullName":"缩放刻度配置 应该为周视图配置正确的刻度","status":"passed","title":"应该为周视图配置正确的刻度","duration":1.1177000000000135,"failureMessages":[],"meta":{}},{"ancestorTitles":["缩放刻度配置"],"fullName":"缩放刻度配置 应该为月视图配置正确的刻度","status":"passed","title":"应该为月视图配置正确的刻度","duration":0.9102000000000317,"failureMessages":[],"meta":{}},{"ancestorTitles":["缩放刻度配置"],"fullName":"缩放刻度配置 应该为季度视图配置正确的刻度","status":"passed","title":"应该为季度视图配置正确的刻度","duration":0.8332000000000335,"failureMessages":[],"meta":{}},{"ancestorTitles":["缩放刻度配置"],"fullName":"缩放刻度配置 应该为年视图配置正确的刻度","status":"passed","title":"应该为年视图配置正确的刻度","duration":0.9913000000001375,"failureMessages":[],"meta":{}},{"ancestorTitles":["滑块控件"],"fullName":"滑块控件 应该通过滑块切换到日视图","status":"passed","title":"应该通过滑块切换到日视图","duration":3.2881999999999607,"failureMessages":[],"meta":{}},{"ancestorTitles":["滑块控件"],"fullName":"滑块控件 应该通过滑块切换到月视图","status":"passed","title":"应该通过滑块切换到月视图","duration":3.2152000000000953,"failureMessages":[],"meta":{}},{"ancestorTitles":["滑块控件"],"fullName":"滑块控件 应该通过滑块切换到年视图","status":"passed","title":"应该通过滑块切换到年视图","duration":2.19620000000009,"failureMessages":[],"meta":{}},{"ancestorTitles":["滑块控件"],"fullName":"滑块控件 应该在缩放级别改变时更新滑块值","status":"passed","title":"应该在缩放级别改变时更新滑块值","duration":1.439300000000003,"failureMessages":[],"meta":{}}],"startTime":1768059687812,"endTime":1768059687889.4392,"status":"failed","message":"","name":"C:/Users/24408/Desktop/新建文件夹/tests/unit/zoom.test.js"}]}